0 info it worked if it ends with ok
1 verbose cli [ 'C:\\Program Files\\nodejs\\node.exe',
1 verbose cli   'C:\\Program Files\\nodejs\\node_modules\\npm\\bin\\npm-cli.js',
1 verbose cli   'start' ]
2 info using npm@3.9.3
3 info using node@v6.2.1
4 verbose run-script [ 'prestart', 'start', 'poststart' ]
5 info lifecycle liberbook@0.0.1~prestart: liberbook@0.0.1
6 silly lifecycle liberbook@0.0.1~prestart: no script for prestart, continuing
7 info lifecycle liberbook@0.0.1~start: liberbook@0.0.1
8 verbose lifecycle liberbook@0.0.1~start: unsafe-perm in lifecycle true
9 verbose lifecycle liberbook@0.0.1~start: PATH: C:\Program Files\nodejs\node_modules\npm\bin\node-gyp-bin;C:\xampp\htdocs\libreria\liberBook\liberbook\node_modules\.bin;C:\Program Files\nodejs;C:\ProgramData\Oracle\Java\javapath;C:\GTK\bin;C:\Program Files (x86)\Intel\iCLS Client\;C:\Program Files\Intel\iCLS Client\;C:\Windows\system32;C:\Windows;C:\Windows\System32\Wbem;C:\Windows\System32\WindowsPowerShell\v1.0\;C:\Program Files\Diskeeper Corporation\ExpressCache\;C:\Program Files\Intel\WiFi\bin\;C:\Program Files\Common Files\Intel\WirelessCommon\;C:\Program Files (x86)\Windows Live\Shared;C:\Program Files (x86)\NVIDIA Corporation\PhysX\Common;C:\WINDOWS\system32;C:\WINDOWS;C:\WINDOWS\System32\Wbem;C:\WINDOWS\System32\WindowsPowerShell\v1.0\;C:\Program Files\Git\cmd;C:\Program Files\Condusiv Technologies\ExpressCache\;C:\Program Files\Intel\Intel(R) Management Engine Components\DAL;C:\Program Files\Intel\Intel(R) Management Engine Components\IPT;C:\Program Files (x86)\Intel\Intel(R) Management Engine Components\DAL;C:\Program Files (x86)\Intel\Intel(R) Management Engine Components\IPT;C:\xampp\php;C:\ProgramData\ComposerSetup\bin;C:\Anaconda2;C:\Anaconda2\Scripts;C:\Anaconda2\Library\bin;C:\Program Files\nodejs\;C:\Users\Damián\Anaconda3;C:\Users\Damián\Anaconda3\Scripts;C:\Users\Damián\Anaconda3\Library\bin;C:\Program Files\Intel\WiFi\bin\;C:\Program Files\Common Files\Intel\WirelessCommon\;C:\Program Files\Java\jdk1.8.0_60\bin;C:\php;C:\MinGW\bin;C:\android\tools;C:\Program Files\MongoDB\Server\3.2\bin;C:\Users\Damián\AppData\Roaming\Composer\vendor\bin;C:\MinGW\bin;C:\xampp\mysql\bin;C:\Users\Damián\AppData\Roaming\npm
10 verbose lifecycle liberbook@0.0.1~start: CWD: C:\xampp\htdocs\libreria\liberBook\liberbook
11 silly lifecycle liberbook@0.0.1~start: Args: [ '/d /s /c', 'node ./bin/www' ]
12 silly lifecycle liberbook@0.0.1~start: Returned: code: 1  signal: null
13 info lifecycle liberbook@0.0.1~start: Failed to exec start script
14 verbose stack Error: liberbook@0.0.1 start: `node ./bin/www`
14 verbose stack Exit status 1
14 verbose stack     at EventEmitter.<anonymous> (C:\Program Files\nodejs\node_modules\npm\lib\utils\lifecycle.js:245:16)
14 verbose stack     at emitTwo (events.js:106:13)
14 verbose stack     at EventEmitter.emit (events.js:191:7)
14 verbose stack     at ChildProcess.<anonymous> (C:\Program Files\nodejs\node_modules\npm\lib\utils\spawn.js:24:14)
14 verbose stack     at emitTwo (events.js:106:13)
14 verbose stack     at ChildProcess.emit (events.js:191:7)
14 verbose stack     at maybeClose (internal/child_process.js:852:16)
14 verbose stack     at Process.ChildProcess._handle.onexit (internal/child_process.js:215:5)
15 verbose pkgid liberbook@0.0.1
16 verbose cwd C:\xampp\htdocs\libreria\liberBook\liberbook
17 error Windows_NT 10.0.10586
18 error argv "C:\\Program Files\\nodejs\\node.exe" "C:\\Program Files\\nodejs\\node_modules\\npm\\bin\\npm-cli.js" "start"
19 error node v6.2.1
20 error npm  v3.9.3
21 error code ELIFECYCLE
22 error liberbook@0.0.1 start: `node ./bin/www`
22 error Exit status 1
23 error Failed at the liberbook@0.0.1 start script 'node ./bin/www'.
23 error Make sure you have the latest version of node.js and npm installed.
23 error If you do, this is most likely a problem with the liberbook package,
23 error not with npm itself.
23 error Tell the author that this fails on your system:
23 error     node ./bin/www
23 error You can get information on how to open an issue for this project with:
23 error     npm bugs liberbook
23 error Or if that isn't available, you can get their info via:
23 error     npm owner ls liberbook
23 error There is likely additional logging output above.
24 verbose exit [ 1, true ]
